<?xml version="1.0" encoding="UTF-8"?>
<testng-results skipped="0" failed="0" total="1" passed="1">
  <reporter-output>
  </reporter-output>
  <suite name="Default suite" duration-ms="37900" started-at="2016-08-15T11:40:20Z" finished-at="2016-08-15T11:40:58Z">
    <groups>
    </groups>
    <test name="Default test" duration-ms="37900" started-at="2016-08-15T11:40:20Z" finished-at="2016-08-15T11:40:58Z">
      <class name="com.anoop.test.AppiumTest">
        <test-method status="PASS" signature="testCreateProject()[pri:0, instance:com.anoop.test.AppiumTest@2eee9593]" name="testCreateProject" duration-ms="37888" started-at="2016-08-15T11:40:20Z" finished-at="2016-08-15T11:40:58Z">
        </test-method> <!-- testCreateProject -->
      </class> <!-- com.anoop.test.AppiumTest -->
    </test> <!-- Default test -->
  </suite> <!-- Default suite -->
</testng-results>
